23:37:52 | INFO | ============================================================
23:37:52 | INFO | FEDERATED CRAWLER - ALL 50 STATES
23:37:52 | INFO | ============================================================
23:37:52 | INFO | ============================================================
23:37:52 | INFO | CRAWLING: ALABAMA
23:37:52 | INFO | ============================================================
23:37:52 | INFO | Processing justia_stats: https://stats.justia.com/alabama/list/
23:37:53 | INFO | Processing justia_constitution: https://law.justia.com/constitution/alabama/
23:37:53 | ERROR | Extraction failed for https://law.justia.com/constitution/alabama/: 403 Client Error: Forbidden for url: https://law.justia.com/constitution/alabama/
23:37:53 | INFO | Processing justia_codes: https://law.justia.com/codes/alabama/
23:37:53 | ERROR | Extraction failed for https://law.justia.com/codes/alabama/: 403 Client Error: Forbidden for url: https://law.justia.com/codes/alabama/
23:37:54 | INFO | Processing justia_cases: https://law.justia.com/cases/alabama/
23:37:54 | ERROR | Extraction failed for https://law.justia.com/cases/alabama/: 403 Client Error: Forbidden for url: https://law.justia.com/cases/alabama/
23:37:55 | INFO | Processing regulations: https://regulations.justia.com/states/alabama/
23:37:55 | ERROR | Extraction failed for https://regulations.justia.com/states/alabama/: 403 Client Error: Forbidden for url: https://regulations.justia.com/states/alabama/
23:37:55 | INFO | Saved 1 records to [local_path]
23:37:55 | INFO | ============================================================
23:37:55 | INFO | CRAWLING: ALASKA
23:37:55 | INFO | ============================================================
23:37:55 | INFO | Processing justia_stats: https://stats.justia.com/alaska/list/
23:37:56 | INFO | Processing justia_constitution: https://law.justia.com/constitution/alaska/
23:37:56 | ERROR | Extraction failed for https://law.justia.com/constitution/alaska/: 403 Client Error: Forbidden for url: https://law.justia.com/constitution/alaska/
23:37:57 | INFO | Processing justia_codes: https://law.justia.com/codes/alaska/
23:37:57 | ERROR | Extraction failed for https://law.justia.com/codes/alaska/: 403 Client Error: Forbidden for url: https://law.justia.com/codes/alaska/
23:37:57 | INFO | Processing justia_cases: https://law.justia.com/cases/alaska/
23:37:57 | ERROR | Extraction failed for https://law.justia.com/cases/alaska/: 403 Client Error: Forbidden for url: https://law.justia.com/cases/alaska/
23:37:58 | INFO | Processing regulations: https://regulations.justia.com/states/alaska/
23:37:58 | ERROR | Extraction failed for https://regulations.justia.com/states/alaska/: 403 Client Error: Forbidden for url: https://regulations.justia.com/states/alaska/
23:37:58 | INFO | Saved 1 records to [local_path]
23:37:58 | INFO | ============================================================
23:37:58 | INFO | CRAWLING: ARIZONA
23:37:58 | INFO | ============================================================
23:37:58 | INFO | Processing justia_stats: https://stats.justia.com/arizona/list/
23:37:59 | INFO | Processing justia_constitution: https://law.justia.com/constitution/arizona/
23:37:59 | ERROR | Extraction failed for https://law.justia.com/constitution/arizona/: 403 Client Error: Forbidden for url: https://law.justia.com/constitution/arizona/
23:38:00 | INFO | Processing justia_codes: https://law.justia.com/codes/arizona/
23:38:00 | ERROR | Extraction failed for https://law.justia.com/codes/arizona/: 403 Client Error: Forbidden for url: https://law.justia.com/codes/arizona/
23:38:00 | INFO | Processing justia_cases: https://law.justia.com/cases/arizona/
23:38:01 | ERROR | Extraction failed for https://law.justia.com/cases/arizona/: 403 Client Error: Forbidden for url: https://law.justia.com/cases/arizona/
23:38:01 | INFO | Processing regulations: https://regulations.justia.com/states/arizona/
23:38:01 | ERROR | Extraction failed for https://regulations.justia.com/states/arizona/: 403 Client Error: Forbidden for url: https://regulations.justia.com/states/arizona/
23:38:02 | INFO | Saved 1 records to [local_path]
23:38:02 | INFO | ============================================================
23:38:02 | INFO | CRAWLING: ARKANSAS
23:38:02 | INFO | ============================================================
23:38:02 | INFO | Processing justia_stats: https://stats.justia.com/arkansas/list/
23:38:03 | INFO | Processing justia_constitution: https://law.justia.com/constitution/arkansas/
23:38:03 | ERROR | Extraction failed for https://law.justia.com/constitution/arkansas/: 403 Client Error: Forbidden for url: https://law.justia.com/constitution/arkansas/
23:38:03 | INFO | Processing justia_codes: https://law.justia.com/codes/arkansas/
23:38:03 | ERROR | Extraction failed for https://law.justia.com/codes/arkansas/: 403 Client Error: Forbidden for url: https://law.justia.com/codes/arkansas/
23:38:04 | INFO | Processing justia_cases: https://law.justia.com/cases/arkansas/
23:38:04 | ERROR | Extraction failed for https://law.justia.com/cases/arkansas/: 403 Client Error: Forbidden for url: https://law.justia.com/cases/arkansas/
23:38:04 | INFO | Processing regulations: https://regulations.justia.com/states/arkansas/
23:38:04 | ERROR | Extraction failed for https://regulations.justia.com/states/arkansas/: 403 Client Error: Forbidden for url: https://regulations.justia.com/states/arkansas/
23:38:05 | INFO | Saved 1 records to [local_path]
23:38:05 | INFO | ============================================================
23:38:05 | INFO | CRAWLING: CALIFORNIA
23:38:05 | INFO | ============================================================
23:38:05 | INFO | Processing justia_stats: https://stats.justia.com/california/list/
23:38:06 | INFO | Processing justia_constitution: https://law.justia.com/constitution/california/
23:38:06 | ERROR | Extraction failed for https://law.justia.com/constitution/california/: 403 Client Error: Forbidden for url: https://law.justia.com/constitution/california/
23:38:07 | INFO | Processing justia_codes: https://law.justia.com/codes/california/
23:38:07 | ERROR | Extraction failed for https://law.justia.com/codes/california/: 403 Client Error: Forbidden for url: https://law.justia.com/codes/california/
23:38:07 | INFO | Processing justia_cases: https://law.justia.com/cases/california/
23:38:07 | ERROR | Extraction failed for https://law.justia.com/cases/california/: 403 Client Error: Forbidden for url: https://law.justia.com/cases/california/
23:38:08 | INFO | Processing regulations: https://regulations.justia.com/states/california/
23:38:08 | ERROR | Extraction failed for https://regulations.justia.com/states/california/: 403 Client Error: Forbidden for url: https://regulations.justia.com/states/california/
23:38:08 | INFO | Saved 1 records to [local_path]
23:38:08 | INFO | ============================================================
23:38:08 | INFO | CRAWLING: COLORADO
23:38:08 | INFO | ============================================================
23:38:08 | INFO | Processing justia_stats: https://stats.justia.com/colorado/list/
23:38:09 | INFO | Processing justia_constitution: https://law.justia.com/constitution/colorado/
23:38:09 | ERROR | Extraction failed for https://law.justia.com/constitution/colorado/: 403 Client Error: Forbidden for url: https://law.justia.com/constitution/colorado/
23:38:10 | INFO | Processing justia_codes: https://law.justia.com/codes/colorado/
23:38:10 | ERROR | Extraction failed for https://law.justia.com/codes/colorado/: 403 Client Error: Forbidden for url: https://law.justia.com/codes/colorado/
23:38:10 | INFO | Processing justia_cases: https://law.justia.com/cases/colorado/
23:38:11 | ERROR | Extraction failed for https://law.justia.com/cases/colorado/: 403 Client Error: Forbidden for url: https://law.justia.com/cases/colorado/
23:38:11 | INFO | Processing regulations: https://regulations.justia.com/states/colorado/
23:38:11 | ERROR | Extraction failed for https://regulations.justia.com/states/colorado/: 403 Client Error: Forbidden for url: https://regulations.justia.com/states/colorado/
23:38:12 | INFO | Saved 1 records to [local_path]
23:38:12 | INFO | ============================================================
23:38:12 | INFO | CRAWLING: CONNECTICUT
23:38:12 | INFO | ============================================================
23:38:12 | INFO | Processing justia_stats: https://stats.justia.com/connecticut/list/
23:38:12 | INFO | Processing justia_constitution: https://law.justia.com/constitution/connecticut/
23:38:13 | ERROR | Extraction failed for https://law.justia.com/constitution/connecticut/: 403 Client Error: Forbidden for url: https://law.justia.com/constitution/connecticut/
23:38:13 | INFO | Processing justia_codes: https://law.justia.com/codes/connecticut/
23:38:13 | ERROR | Extraction failed for https://law.justia.com/codes/connecticut/: 403 Client Error: Forbidden for url: https://law.justia.com/codes/connecticut/
23:38:14 | INFO | Processing justia_cases: https://law.justia.com/cases/connecticut/
23:38:14 | ERROR | Extraction failed for https://law.justia.com/cases/connecticut/: 403 Client Error: Forbidden for url: https://law.justia.com/cases/connecticut/
23:38:14 | INFO | Processing regulations: https://regulations.justia.com/states/connecticut/
23:38:14 | ERROR | Extraction failed for https://regulations.justia.com/states/connecticut/: 403 Client Error: Forbidden for url: https://regulations.justia.com/states/connecticut/
23:38:15 | INFO | Saved 1 records to [local_path]
23:38:15 | INFO | ============================================================
23:38:15 | INFO | CRAWLING: DELAWARE
23:38:15 | INFO | ============================================================
23:38:15 | INFO | Processing justia_stats: https://stats.justia.com/delaware/list/
23:38:16 | INFO | Processing justia_constitution: https://law.justia.com/constitution/delaware/
23:38:16 | ERROR | Extraction failed for https://law.justia.com/constitution/delaware/: 403 Client Error: Forbidden for url: https://law.justia.com/constitution/delaware/
23:38:16 | INFO | Processing justia_codes: https://law.justia.com/codes/delaware/
23:38:16 | ERROR | Extraction failed for https://law.justia.com/codes/delaware/: 403 Client Error: Forbidden for url: https://law.justia.com/codes/delaware/
23:38:17 | INFO | Processing justia_cases: https://law.justia.com/cases/delaware/
23:38:17 | ERROR | Extraction failed for https://law.justia.com/cases/delaware/: 403 Client Error: Forbidden for url: https://law.justia.com/cases/delaware/
23:38:17 | INFO | Processing regulations: https://regulations.justia.com/states/delaware/
23:38:17 | ERROR | Extraction failed for https://regulations.justia.com/states/delaware/: 403 Client Error: Forbidden for url: https://regulations.justia.com/states/delaware/
23:38:18 | INFO | Saved 1 records to [local_path]
23:38:18 | INFO | ============================================================
23:38:18 | INFO | CRAWLING: FLORIDA
23:38:18 | INFO | ============================================================
23:38:18 | INFO | Processing justia_stats: https://stats.justia.com/florida/list/
23:38:19 | INFO | Processing justia_constitution: https://law.justia.com/constitution/florida/
23:38:19 | ERROR | Extraction failed for https://law.justia.com/constitution/florida/: 403 Client Error: Forbidden for url: https://law.justia.com/constitution/florida/
23:38:20 | INFO | Processing justia_codes: https://law.justia.com/codes/florida/
23:38:20 | ERROR | Extraction failed for https://law.justia.com/codes/florida/: 403 Client Error: Forbidden for url: https://law.justia.com/codes/florida/
23:38:20 | INFO | Processing justia_cases: https://law.justia.com/cases/florida/
23:38:20 | ERROR | Extraction failed for https://law.justia.com/cases/florida/: 403 Client Error: Forbidden for url: https://law.justia.com/cases/florida/
23:38:21 | INFO | Processing regulations: https://regulations.justia.com/states/florida/
23:38:21 | ERROR | Extraction failed for https://regulations.justia.com/states/florida/: 403 Client Error: Forbidden for url: https://regulations.justia.com/states/florida/
23:38:21 | INFO | Saved 1 records to [local_path]
23:38:21 | INFO | ============================================================
23:38:21 | INFO | CRAWLING: GEORGIA
23:38:21 | INFO | ============================================================
23:38:21 | INFO | Processing justia_stats: https://stats.justia.com/georgia/list/
23:38:22 | INFO | Processing justia_constitution: https://law.justia.com/constitution/georgia/
23:38:22 | ERROR | Extraction failed for https://law.justia.com/constitution/georgia/: 403 Client Error: Forbidden for url: https://law.justia.com/constitution/georgia/
23:38:23 | INFO | Processing justia_codes: https://law.justia.com/codes/georgia/
23:38:23 | ERROR | Extraction failed for https://law.justia.com/codes/georgia/: 403 Client Error: Forbidden for url: https://law.justia.com/codes/georgia/
23:38:24 | INFO | Processing justia_cases: https://law.justia.com/cases/georgia/
23:38:24 | ERROR | Extraction failed for https://law.justia.com/cases/georgia/: 403 Client Error: Forbidden for url: https://law.justia.com/cases/georgia/
23:38:24 | INFO | Processing regulations: https://regulations.justia.com/states/georgia/
23:38:24 | ERROR | Extraction failed for https://regulations.justia.com/states/georgia/: 403 Client Error: Forbidden for url: https://regulations.justia.com/states/georgia/
23:38:25 | INFO | Saved 1 records to [local_path]
23:38:25 | INFO | ============================================================
23:38:25 | INFO | CRAWLING: HAWAII
23:38:25 | INFO | ============================================================
23:38:25 | INFO | Processing justia_stats: https://stats.justia.com/hawaii/list/
23:38:26 | INFO | Processing justia_constitution: https://law.justia.com/constitution/hawaii/
23:38:26 | ERROR | Extraction failed for https://law.justia.com/constitution/hawaii/: 403 Client Error: Forbidden for url: https://law.justia.com/constitution/hawaii/
23:38:26 | INFO | Processing justia_codes: https://law.justia.com/codes/hawaii/
23:38:26 | ERROR | Extraction failed for https://law.justia.com/codes/hawaii/: 403 Client Error: Forbidden for url: https://law.justia.com/codes/hawaii/
23:38:27 | INFO | Processing justia_cases: https://law.justia.com/cases/hawaii/
23:38:27 | ERROR | Extraction failed for https://law.justia.com/cases/hawaii/: 403 Client Error: Forbidden for url: https://law.justia.com/cases/hawaii/
23:38:27 | INFO | Processing regulations: https://regulations.justia.com/states/hawaii/
23:38:27 | ERROR | Extraction failed for https://regulations.justia.com/states/hawaii/: 403 Client Error: Forbidden for url: https://regulations.justia.com/states/hawaii/
23:38:28 | INFO | Saved 1 records to [local_path]
23:38:28 | INFO | ============================================================
23:38:28 | INFO | CRAWLING: IDAHO
23:38:28 | INFO | ============================================================
23:38:28 | INFO | Processing justia_stats: https://stats.justia.com/idaho/list/
23:38:29 | INFO | Processing justia_constitution: https://law.justia.com/constitution/idaho/
23:38:29 | ERROR | Extraction failed for https://law.justia.com/constitution/idaho/: 403 Client Error: Forbidden for url: https://law.justia.com/constitution/idaho/
23:38:29 | INFO | Processing justia_codes: https://law.justia.com/codes/idaho/
23:38:29 | ERROR | Extraction failed for https://law.justia.com/codes/idaho/: 403 Client Error: Forbidden for url: https://law.justia.com/codes/idaho/
23:38:30 | INFO | Processing justia_cases: https://law.justia.com/cases/idaho/
23:38:30 | ERROR | Extraction failed for https://law.justia.com/cases/idaho/: 403 Client Error: Forbidden for url: https://law.justia.com/cases/idaho/
23:38:30 | INFO | Processing regulations: https://regulations.justia.com/states/idaho/
23:38:30 | ERROR | Extraction failed for https://regulations.justia.com/states/idaho/: 403 Client Error: Forbidden for url: https://regulations.justia.com/states/idaho/
23:38:31 | INFO | Saved 1 records to [local_path]
23:38:31 | INFO | ============================================================
23:38:31 | INFO | CRAWLING: ILLINOIS
23:38:31 | INFO | ============================================================
23:38:31 | INFO | Processing justia_stats: https://stats.justia.com/illinois/list/
23:38:32 | INFO | Processing justia_constitution: https://law.justia.com/constitution/illinois/
23:38:32 | ERROR | Extraction failed for https://law.justia.com/constitution/illinois/: 403 Client Error: Forbidden for url: https://law.justia.com/constitution/illinois/
23:38:33 | INFO | Processing justia_codes: https://law.justia.com/codes/illinois/
23:38:33 | ERROR | Extraction failed for https://law.justia.com/codes/illinois/: 403 Client Error: Forbidden for url: https://law.justia.com/codes/illinois/
23:38:33 | INFO | Processing justia_cases: https://law.justia.com/cases/illinois/
23:38:33 | ERROR | Extraction failed for https://law.justia.com/cases/illinois/: 403 Client Error: Forbidden for url: https://law.justia.com/cases/illinois/
23:38:34 | INFO | Processing regulations: https://regulations.justia.com/states/illinois/
23:38:34 | ERROR | Extraction failed for https://regulations.justia.com/states/illinois/: 403 Client Error: Forbidden for url: https://regulations.justia.com/states/illinois/
23:38:34 | INFO | Saved 1 records to [local_path]
23:38:34 | INFO | ============================================================
23:38:34 | INFO | CRAWLING: INDIANA
23:38:34 | INFO | ============================================================
23:38:34 | INFO | Processing justia_stats: https://stats.justia.com/indiana/list/
23:38:35 | INFO | Processing justia_constitution: https://law.justia.com/constitution/indiana/
23:38:35 | ERROR | Extraction failed for https://law.justia.com/constitution/indiana/: 403 Client Error: Forbidden for url: https://law.justia.com/constitution/indiana/
23:38:36 | INFO | Processing justia_codes: https://law.justia.com/codes/indiana/
23:38:36 | ERROR | Extraction failed for https://law.justia.com/codes/indiana/: 403 Client Error: Forbidden for url: https://law.justia.com/codes/indiana/
23:38:37 | INFO | Processing justia_cases: https://law.justia.com/cases/indiana/
23:38:37 | ERROR | Extraction failed for https://law.justia.com/cases/indiana/: 403 Client Error: Forbidden for url: https://law.justia.com/cases/indiana/
23:38:37 | INFO | Processing regulations: https://regulations.justia.com/states/indiana/
23:38:37 | ERROR | Extraction failed for https://regulations.justia.com/states/indiana/: 403 Client Error: Forbidden for url: https://regulations.justia.com/states/indiana/
23:38:38 | INFO | Saved 1 records to [local_path]
23:38:38 | INFO | ============================================================
23:38:38 | INFO | CRAWLING: IOWA
23:38:38 | INFO | ============================================================
23:38:38 | INFO | Processing justia_stats: https://stats.justia.com/iowa/list/
23:38:39 | INFO | Processing justia_constitution: https://law.justia.com/constitution/iowa/
23:38:39 | ERROR | Extraction failed for https://law.justia.com/constitution/iowa/: 403 Client Error: Forbidden for url: https://law.justia.com/constitution/iowa/
23:38:39 | INFO | Processing justia_codes: https://law.justia.com/codes/iowa/
23:38:40 | ERROR | Extraction failed for https://law.justia.com/codes/iowa/: 403 Client Error: Forbidden for url: https://law.justia.com/codes/iowa/
23:38:40 | INFO | Processing justia_cases: https://law.justia.com/cases/iowa/
23:38:40 | ERROR | Extraction failed for https://law.justia.com/cases/iowa/: 403 Client Error: Forbidden for url: https://law.justia.com/cases/iowa/
23:38:41 | INFO | Processing regulations: https://regulations.justia.com/states/iowa/
23:38:41 | ERROR | Extraction failed for https://regulations.justia.com/states/iowa/: 403 Client Error: Forbidden for url: https://regulations.justia.com/states/iowa/
23:38:41 | INFO | Saved 1 records to [local_path]
23:38:41 | INFO | ============================================================
23:38:41 | INFO | CRAWLING: KANSAS
23:38:41 | INFO | ============================================================
23:38:41 | INFO | Processing justia_stats: https://stats.justia.com/kansas/list/
23:38:42 | INFO | Processing justia_constitution: https://law.justia.com/constitution/kansas/
23:38:42 | ERROR | Extraction failed for https://law.justia.com/constitution/kansas/: 403 Client Error: Forbidden for url: https://law.justia.com/constitution/kansas/
23:38:43 | INFO | Processing justia_codes: https://law.justia.com/codes/kansas/
23:38:43 | ERROR | Extraction failed for https://law.justia.com/codes/kansas/: 403 Client Error: Forbidden for url: https://law.justia.com/codes/kansas/
23:38:43 | INFO | Processing justia_cases: https://law.justia.com/cases/kansas/
23:38:43 | ERROR | Extraction failed for https://law.justia.com/cases/kansas/: 403 Client Error: Forbidden for url: https://law.justia.com/cases/kansas/
23:38:44 | INFO | Processing regulations: https://regulations.justia.com/states/kansas/
23:38:44 | ERROR | Extraction failed for https://regulations.justia.com/states/kansas/: 403 Client Error: Forbidden for url: https://regulations.justia.com/states/kansas/
23:38:45 | INFO | Saved 1 records to [local_path]
23:38:45 | INFO | ============================================================
23:38:45 | INFO | CRAWLING: KENTUCKY
23:38:45 | INFO | ============================================================
23:38:45 | INFO | Processing justia_stats: https://stats.justia.com/kentucky/list/
23:38:45 | INFO | Processing justia_constitution: https://law.justia.com/constitution/kentucky/
23:38:46 | ERROR | Extraction failed for https://law.justia.com/constitution/kentucky/: 403 Client Error: Forbidden for url: https://law.justia.com/constitution/kentucky/
23:38:46 | INFO | Processing justia_codes: https://law.justia.com/codes/kentucky/
23:38:46 | ERROR | Extraction failed for https://law.justia.com/codes/kentucky/: 403 Client Error: Forbidden for url: https://law.justia.com/codes/kentucky/
23:38:47 | INFO | Processing justia_cases: https://law.justia.com/cases/kentucky/
23:38:47 | ERROR | Extraction failed for https://law.justia.com/cases/kentucky/: 403 Client Error: Forbidden for url: https://law.justia.com/cases/kentucky/
23:38:47 | INFO | Processing regulations: https://regulations.justia.com/states/kentucky/
23:38:47 | ERROR | Extraction failed for https://regulations.justia.com/states/kentucky/: 403 Client Error: Forbidden for url: https://regulations.justia.com/states/kentucky/
23:38:48 | INFO | Saved 1 records to [local_path]
23:38:48 | INFO | ============================================================
23:38:48 | INFO | CRAWLING: LOUISIANA
23:38:48 | INFO | ============================================================
23:38:48 | INFO | Processing justia_stats: https://stats.justia.com/louisiana/list/
23:38:49 | INFO | Processing justia_constitution: https://law.justia.com/constitution/louisiana/
23:38:49 | ERROR | Extraction failed for https://law.justia.com/constitution/louisiana/: 403 Client Error: Forbidden for url: https://law.justia.com/constitution/louisiana/
23:38:49 | INFO | Processing justia_codes: https://law.justia.com/codes/louisiana/
23:38:49 | ERROR | Extraction failed for https://law.justia.com/codes/louisiana/: 403 Client Error: Forbidden for url: https://law.justia.com/codes/louisiana/
23:38:50 | INFO | Processing justia_cases: https://law.justia.com/cases/louisiana/
23:38:50 | ERROR | Extraction failed for https://law.justia.com/cases/louisiana/: 403 Client Error: Forbidden for url: https://law.justia.com/cases/louisiana/
23:38:51 | INFO | Processing regulations: https://regulations.justia.com/states/louisiana/
23:38:51 | ERROR | Extraction failed for https://regulations.justia.com/states/louisiana/: 403 Client Error: Forbidden for url: https://regulations.justia.com/states/louisiana/
23:38:51 | INFO | Saved 1 records to [local_path]
23:38:51 | INFO | ============================================================
23:38:51 | INFO | CRAWLING: MAINE
23:38:51 | INFO | ============================================================
23:38:51 | INFO | Processing justia_stats: https://stats.justia.com/maine/list/
23:38:52 | INFO | Processing justia_constitution: https://law.justia.com/constitution/maine/
23:38:52 | ERROR | Extraction failed for https://law.justia.com/constitution/maine/: 403 Client Error: Forbidden for url: https://law.justia.com/constitution/maine/
23:38:53 | INFO | Processing justia_codes: https://law.justia.com/codes/maine/
23:38:53 | ERROR | Extraction failed for https://law.justia.com/codes/maine/: 403 Client Error: Forbidden for url: https://law.justia.com/codes/maine/
23:38:53 | INFO | Processing justia_cases: https://law.justia.com/cases/maine/
23:38:53 | ERROR | Extraction failed for https://law.justia.com/cases/maine/: 403 Client Error: Forbidden for url: https://law.justia.com/cases/maine/
23:38:54 | INFO | Processing regulations: https://regulations.justia.com/states/maine/
23:38:54 | ERROR | Extraction failed for https://regulations.justia.com/states/maine/: 403 Client Error: Forbidden for url: https://regulations.justia.com/states/maine/
23:38:54 | INFO | Saved 1 records to [local_path]
23:38:54 | INFO | ============================================================
23:38:54 | INFO | CRAWLING: MARYLAND
23:38:54 | INFO | ============================================================
23:38:54 | INFO | Processing justia_stats: https://stats.justia.com/maryland/list/
23:38:55 | INFO | Processing justia_constitution: https://law.justia.com/constitution/maryland/
23:38:55 | ERROR | Extraction failed for https://law.justia.com/constitution/maryland/: 403 Client Error: Forbidden for url: https://law.justia.com/constitution/maryland/
23:38:56 | INFO | Processing justia_codes: https://law.justia.com/codes/maryland/
23:38:56 | ERROR | Extraction failed for https://law.justia.com/codes/maryland/: 403 Client Error: Forbidden for url: https://law.justia.com/codes/maryland/
23:38:56 | INFO | Processing justia_cases: https://law.justia.com/cases/maryland/
23:38:56 | ERROR | Extraction failed for https://law.justia.com/cases/maryland/: 403 Client Error: Forbidden for url: https://law.justia.com/cases/maryland/
23:38:57 | INFO | Processing regulations: https://regulations.justia.com/states/maryland/
23:38:57 | ERROR | Extraction failed for https://regulations.justia.com/states/maryland/: 403 Client Error: Forbidden for url: https://regulations.justia.com/states/maryland/
23:38:58 | INFO | Saved 1 records to [local_path]
23:38:58 | INFO | ============================================================
23:38:58 | INFO | CRAWLING: MASSACHUSETTS
23:38:58 | INFO | ============================================================
23:38:58 | INFO | Processing justia_stats: https://stats.justia.com/massachusetts/list/
23:38:58 | INFO | Processing justia_constitution: https://law.justia.com/constitution/massachusetts/
23:38:58 | ERROR | Extraction failed for https://law.justia.com/constitution/massachusetts/: 403 Client Error: Forbidden for url: https://law.justia.com/constitution/massachusetts/
23:38:59 | INFO | Processing justia_codes: https://law.justia.com/codes/massachusetts/
23:38:59 | ERROR | Extraction failed for https://law.justia.com/codes/massachusetts/: 403 Client Error: Forbidden for url: https://law.justia.com/codes/massachusetts/
23:39:00 | INFO | Processing justia_cases: https://law.justia.com/cases/massachusetts/
23:39:00 | ERROR | Extraction failed for https://law.justia.com/cases/massachusetts/: 403 Client Error: Forbidden for url: https://law.justia.com/cases/massachusetts/
23:39:00 | INFO | Processing regulations: https://regulations.justia.com/states/massachusetts/
23:39:00 | ERROR | Extraction failed for https://regulations.justia.com/states/massachusetts/: 403 Client Error: Forbidden for url: https://regulations.justia.com/states/massachusetts/
23:39:01 | INFO | Saved 1 records to [local_path]
23:39:01 | INFO | ============================================================
23:39:01 | INFO | CRAWLING: MICHIGAN
23:39:01 | INFO | ============================================================
23:39:01 | INFO | Processing justia_stats: https://stats.justia.com/michigan/list/
23:39:02 | INFO | Processing justia_constitution: https://law.justia.com/constitution/michigan/
23:39:02 | ERROR | Extraction failed for https://law.justia.com/constitution/michigan/: 403 Client Error: Forbidden for url: https://law.justia.com/constitution/michigan/
23:39:03 | INFO | Processing justia_codes: https://law.justia.com/codes/michigan/
23:39:03 | ERROR | Extraction failed for https://law.justia.com/codes/michigan/: 403 Client Error: Forbidden for url: https://law.justia.com/codes/michigan/
23:39:03 | INFO | Processing justia_cases: https://law.justia.com/cases/michigan/
23:39:03 | ERROR | Extraction failed for https://law.justia.com/cases/michigan/: 403 Client Error: Forbidden for url: https://law.justia.com/cases/michigan/
23:39:04 | INFO | Processing regulations: https://regulations.justia.com/states/michigan/
23:39:04 | ERROR | Extraction failed for https://regulations.justia.com/states/michigan/: 403 Client Error: Forbidden for url: https://regulations.justia.com/states/michigan/
23:39:04 | INFO | Saved 1 records to [local_path]
23:39:04 | INFO | ============================================================
23:39:04 | INFO | CRAWLING: MINNESOTA
23:39:04 | INFO | ============================================================
23:39:04 | INFO | Processing justia_stats: https://stats.justia.com/minnesota/list/
23:39:05 | INFO | Processing justia_constitution: https://law.justia.com/constitution/minnesota/
23:39:06 | ERROR | Extraction failed for https://law.justia.com/constitution/minnesota/: 403 Client Error: Forbidden for url: https://law.justia.com/constitution/minnesota/
23:39:06 | INFO | Processing justia_codes: https://law.justia.com/codes/minnesota/
23:39:06 | ERROR | Extraction failed for https://law.justia.com/codes/minnesota/: 403 Client Error: Forbidden for url: https://law.justia.com/codes/minnesota/
23:39:07 | INFO | Processing justia_cases: https://law.justia.com/cases/minnesota/
23:39:07 | ERROR | Extraction failed for https://law.justia.com/cases/minnesota/: 403 Client Error: Forbidden for url: https://law.justia.com/cases/minnesota/
23:39:07 | INFO | Processing regulations: https://regulations.justia.com/states/minnesota/
23:39:07 | ERROR | Extraction failed for https://regulations.justia.com/states/minnesota/: 403 Client Error: Forbidden for url: https://regulations.justia.com/states/minnesota/
23:39:08 | INFO | Saved 1 records to [local_path]
23:39:08 | INFO | ============================================================
23:39:08 | INFO | CRAWLING: MISSISSIPPI
23:39:08 | INFO | ============================================================
23:39:08 | INFO | Processing justia_stats: https://stats.justia.com/mississippi/list/
23:39:09 | INFO | Processing justia_constitution: https://law.justia.com/constitution/mississippi/
23:39:09 | ERROR | Extraction failed for https://law.justia.com/constitution/mississippi/: 403 Client Error: Forbidden for url: https://law.justia.com/constitution/mississippi/
23:39:09 | INFO | Processing justia_codes: https://law.justia.com/codes/mississippi/
23:39:09 | ERROR | Extraction failed for https://law.justia.com/codes/mississippi/: 403 Client Error: Forbidden for url: https://law.justia.com/codes/mississippi/
23:39:10 | INFO | Processing justia_cases: https://law.justia.com/cases/mississippi/
23:39:10 | ERROR | Extraction failed for https://law.justia.com/cases/mississippi/: 403 Client Error: Forbidden for url: https://law.justia.com/cases/mississippi/
23:39:10 | INFO | Processing regulations: https://regulations.justia.com/states/mississippi/
23:39:10 | ERROR | Extraction failed for https://regulations.justia.com/states/mississippi/: 403 Client Error: Forbidden for url: https://regulations.justia.com/states/mississippi/
23:39:11 | INFO | Saved 1 records to [local_path]
23:39:11 | INFO | ============================================================
23:39:11 | INFO | CRAWLING: MISSOURI
23:39:11 | INFO | ============================================================
23:39:11 | INFO | Processing justia_stats: https://stats.justia.com/missouri/list/
23:39:12 | INFO | Processing justia_constitution: https://law.justia.com/constitution/missouri/
23:39:12 | ERROR | Extraction failed for https://law.justia.com/constitution/missouri/: 403 Client Error: Forbidden for url: https://law.justia.com/constitution/missouri/
23:39:13 | INFO | Processing justia_codes: https://law.justia.com/codes/missouri/
23:39:13 | ERROR | Extraction failed for https://law.justia.com/codes/missouri/: 403 Client Error: Forbidden for url: https://law.justia.com/codes/missouri/
23:39:13 | INFO | Processing justia_cases: https://law.justia.com/cases/missouri/
23:39:13 | ERROR | Extraction failed for https://law.justia.com/cases/missouri/: 403 Client Error: Forbidden for url: https://law.justia.com/cases/missouri/
23:39:14 | INFO | Processing regulations: https://regulations.justia.com/states/missouri/
23:39:14 | ERROR | Extraction failed for https://regulations.justia.com/states/missouri/: 403 Client Error: Forbidden for url: https://regulations.justia.com/states/missouri/
23:39:14 | INFO | Saved 1 records to [local_path]
23:39:14 | INFO | ============================================================
23:39:14 | INFO | CRAWLING: MONTANA
23:39:14 | INFO | ============================================================
23:39:14 | INFO | Processing justia_stats: https://stats.justia.com/montana/list/
23:39:15 | INFO | Processing justia_constitution: https://law.justia.com/constitution/montana/
23:39:15 | ERROR | Extraction failed for https://law.justia.com/constitution/montana/: 403 Client Error: Forbidden for url: https://law.justia.com/constitution/montana/
23:39:16 | INFO | Processing justia_codes: https://law.justia.com/codes/montana/
23:39:16 | ERROR | Extraction failed for https://law.justia.com/codes/montana/: 403 Client Error: Forbidden for url: https://law.justia.com/codes/montana/
23:39:16 | INFO | Processing justia_cases: https://law.justia.com/cases/montana/
23:39:17 | ERROR | Extraction failed for https://law.justia.com/cases/montana/: 403 Client Error: Forbidden for url: https://law.justia.com/cases/montana/
23:39:17 | INFO | Processing regulations: https://regulations.justia.com/states/montana/
23:39:17 | ERROR | Extraction failed for https://regulations.justia.com/states/montana/: 403 Client Error: Forbidden for url: https://regulations.justia.com/states/montana/
23:39:18 | INFO | Saved 1 records to [local_path]
23:39:18 | INFO | ============================================================
23:39:18 | INFO | CRAWLING: NEBRASKA
23:39:18 | INFO | ============================================================
23:39:18 | INFO | Processing justia_stats: https://stats.justia.com/nebraska/list/
23:39:19 | INFO | Processing justia_constitution: https://law.justia.com/constitution/nebraska/
23:39:19 | ERROR | Extraction failed for https://law.justia.com/constitution/nebraska/: 403 Client Error: Forbidden for url: https://law.justia.com/constitution/nebraska/
23:39:19 | INFO | Processing justia_codes: https://law.justia.com/codes/nebraska/
23:39:19 | ERROR | Extraction failed for https://law.justia.com/codes/nebraska/: 403 Client Error: Forbidden for url: https://law.justia.com/codes/nebraska/
23:39:20 | INFO | Processing justia_cases: https://law.justia.com/cases/nebraska/
23:39:20 | ERROR | Extraction failed for https://law.justia.com/cases/nebraska/: 403 Client Error: Forbidden for url: https://law.justia.com/cases/nebraska/
23:39:20 | INFO | Processing regulations: https://regulations.justia.com/states/nebraska/
23:39:21 | ERROR | Extraction failed for https://regulations.justia.com/states/nebraska/: 403 Client Error: Forbidden for url: https://regulations.justia.com/states/nebraska/
23:39:21 | INFO | Saved 1 records to [local_path]
23:39:21 | INFO | ============================================================
23:39:21 | INFO | CRAWLING: NEVADA
23:39:21 | INFO | ============================================================
23:39:21 | INFO | Processing justia_stats: https://stats.justia.com/nevada/list/
23:39:22 | INFO | Processing justia_constitution: https://law.justia.com/constitution/nevada/
23:39:22 | ERROR | Extraction failed for https://law.justia.com/constitution/nevada/: 403 Client Error: Forbidden for url: https://law.justia.com/constitution/nevada/
23:39:22 | INFO | Processing justia_codes: https://law.justia.com/codes/nevada/
23:39:23 | ERROR | Extraction failed for https://law.justia.com/codes/nevada/: 403 Client Error: Forbidden for url: https://law.justia.com/codes/nevada/
23:39:23 | INFO | Processing justia_cases: https://law.justia.com/cases/nevada/
23:39:23 | ERROR | Extraction failed for https://law.justia.com/cases/nevada/: 403 Client Error: Forbidden for url: https://law.justia.com/cases/nevada/
23:39:24 | INFO | Processing regulations: https://regulations.justia.com/states/nevada/
23:39:24 | ERROR | Extraction failed for https://regulations.justia.com/states/nevada/: 403 Client Error: Forbidden for url: https://regulations.justia.com/states/nevada/
23:39:24 | INFO | Saved 1 records to [local_path]
23:39:24 | INFO | ============================================================
23:39:24 | INFO | CRAWLING: NEW-HAMPSHIRE
23:39:24 | INFO | ============================================================
23:39:24 | INFO | Processing justia_stats: https://stats.justia.com/new-hampshire/list/
23:39:25 | INFO | Processing justia_constitution: https://law.justia.com/constitution/new-hampshire/
23:39:25 | ERROR | Extraction failed for https://law.justia.com/constitution/new-hampshire/: 403 Client Error: Forbidden for url: https://law.justia.com/constitution/new-hampshire/
23:39:26 | INFO | Processing justia_codes: https://law.justia.com/codes/new-hampshire/
23:39:26 | ERROR | Extraction failed for https://law.justia.com/codes/new-hampshire/: 403 Client Error: Forbidden for url: https://law.justia.com/codes/new-hampshire/
23:39:26 | INFO | Processing justia_cases: https://law.justia.com/cases/new-hampshire/
23:39:26 | ERROR | Extraction failed for https://law.justia.com/cases/new-hampshire/: 403 Client Error: Forbidden for url: https://law.justia.com/cases/new-hampshire/
23:39:27 | INFO | Processing regulations: https://regulations.justia.com/states/new-hampshire/
23:39:27 | ERROR | Extraction failed for https://regulations.justia.com/states/new-hampshire/: 403 Client Error: Forbidden for url: https://regulations.justia.com/states/new-hampshire/
23:39:27 | INFO | Saved 1 records to [local_path]
23:39:27 | INFO | ============================================================
23:39:27 | INFO | CRAWLING: NEW-JERSEY
23:39:27 | INFO | ============================================================
23:39:27 | INFO | Processing justia_stats: https://stats.justia.com/new-jersey/list/
23:39:28 | INFO | Processing justia_constitution: https://law.justia.com/constitution/new-jersey/
23:39:28 | ERROR | Extraction failed for https://law.justia.com/constitution/new-jersey/: 403 Client Error: Forbidden for url: https://law.justia.com/constitution/new-jersey/
23:39:29 | INFO | Processing justia_codes: https://law.justia.com/codes/new-jersey/
23:39:29 | ERROR | Extraction failed for https://law.justia.com/codes/new-jersey/: 403 Client Error: Forbidden for url: https://law.justia.com/codes/new-jersey/
23:39:29 | INFO | Processing justia_cases: https://law.justia.com/cases/new-jersey/
23:39:29 | ERROR | Extraction failed for https://law.justia.com/cases/new-jersey/: 403 Client Error: Forbidden for url: https://law.justia.com/cases/new-jersey/
23:39:30 | INFO | Processing regulations: https://regulations.justia.com/states/new-jersey/
23:39:30 | ERROR | Extraction failed for https://regulations.justia.com/states/new-jersey/: 403 Client Error: Forbidden for url: https://regulations.justia.com/states/new-jersey/
23:39:31 | INFO | Saved 1 records to [local_path]
23:39:31 | INFO | ============================================================
23:39:31 | INFO | CRAWLING: NEW-MEXICO
23:39:31 | INFO | ============================================================
23:39:31 | INFO | Processing justia_stats: https://stats.justia.com/new-mexico/list/
23:39:31 | INFO | Processing justia_constitution: https://law.justia.com/constitution/new-mexico/
23:39:31 | ERROR | Extraction failed for https://law.justia.com/constitution/new-mexico/: 403 Client Error: Forbidden for url: https://law.justia.com/constitution/new-mexico/
23:39:32 | INFO | Processing justia_codes: https://law.justia.com/codes/new-mexico/
23:39:32 | ERROR | Extraction failed for https://law.justia.com/codes/new-mexico/: 403 Client Error: Forbidden for url: https://law.justia.com/codes/new-mexico/
23:39:33 | INFO | Processing justia_cases: https://law.justia.com/cases/new-mexico/
23:39:33 | ERROR | Extraction failed for https://law.justia.com/cases/new-mexico/: 403 Client Error: Forbidden for url: https://law.justia.com/cases/new-mexico/
23:39:33 | INFO | Processing regulations: https://regulations.justia.com/states/new-mexico/
23:39:33 | ERROR | Extraction failed for https://regulations.justia.com/states/new-mexico/: 403 Client Error: Forbidden for url: https://regulations.justia.com/states/new-mexico/
23:39:34 | INFO | Saved 1 records to [local_path]
23:39:34 | INFO | ============================================================
23:39:34 | INFO | CRAWLING: NEW-YORK
23:39:34 | INFO | ============================================================
23:39:34 | INFO | Processing justia_stats: https://stats.justia.com/new-york/list/
23:39:35 | INFO | Processing justia_constitution: https://law.justia.com/constitution/new-york/
23:39:35 | ERROR | Extraction failed for https://law.justia.com/constitution/new-york/: 403 Client Error: Forbidden for url: https://law.justia.com/constitution/new-york/
23:39:35 | INFO | Processing justia_codes: https://law.justia.com/codes/new-york/
23:39:35 | ERROR | Extraction failed for https://law.justia.com/codes/new-york/: 403 Client Error: Forbidden for url: https://law.justia.com/codes/new-york/
23:39:36 | INFO | Processing justia_cases: https://law.justia.com/cases/new-york/
23:39:36 | ERROR | Extraction failed for https://law.justia.com/cases/new-york/: 403 Client Error: Forbidden for url: https://law.justia.com/cases/new-york/
23:39:37 | INFO | Processing regulations: https://regulations.justia.com/states/new-york/
23:39:37 | ERROR | Extraction failed for https://regulations.justia.com/states/new-york/: 403 Client Error: Forbidden for url: https://regulations.justia.com/states/new-york/
23:39:37 | INFO | Saved 1 records to [local_path]
23:39:37 | INFO | ============================================================
23:39:37 | INFO | CRAWLING: NORTH-CAROLINA
23:39:37 | INFO | ============================================================
23:39:37 | INFO | Processing justia_stats: https://stats.justia.com/north-carolina/list/
23:39:38 | INFO | Processing justia_constitution: https://law.justia.com/constitution/north-carolina/
23:39:38 | ERROR | Extraction failed for https://law.justia.com/constitution/north-carolina/: 403 Client Error: Forbidden for url: https://law.justia.com/constitution/north-carolina/
23:39:39 | INFO | Processing justia_codes: https://law.justia.com/codes/north-carolina/
23:39:39 | ERROR | Extraction failed for https://law.justia.com/codes/north-carolina/: 403 Client Error: Forbidden for url: https://law.justia.com/codes/north-carolina/
23:39:39 | INFO | Processing justia_cases: https://law.justia.com/cases/north-carolina/
23:39:39 | ERROR | Extraction failed for https://law.justia.com/cases/north-carolina/: 403 Client Error: Forbidden for url: https://law.justia.com/cases/north-carolina/
23:39:40 | INFO | Processing regulations: https://regulations.justia.com/states/north-carolina/
23:39:40 | ERROR | Extraction failed for https://regulations.justia.com/states/north-carolina/: 403 Client Error: Forbidden for url: https://regulations.justia.com/states/north-carolina/
23:39:40 | INFO | Saved 1 records to [local_path]
23:39:40 | INFO | ============================================================
23:39:40 | INFO | CRAWLING: NORTH-DAKOTA
23:39:40 | INFO | ============================================================
23:39:40 | INFO | Processing justia_stats: https://stats.justia.com/north-dakota/list/
23:39:42 | INFO | Processing justia_constitution: https://law.justia.com/constitution/north-dakota/
23:39:42 | ERROR | Extraction failed for https://law.justia.com/constitution/north-dakota/: 403 Client Error: Forbidden for url: https://law.justia.com/constitution/north-dakota/
23:39:42 | INFO | Processing justia_codes: https://law.justia.com/codes/north-dakota/
23:39:42 | ERROR | Extraction failed for https://law.justia.com/codes/north-dakota/: 403 Client Error: Forbidden for url: https://law.justia.com/codes/north-dakota/
23:39:43 | INFO | Processing justia_cases: https://law.justia.com/cases/north-dakota/
23:39:43 | ERROR | Extraction failed for https://law.justia.com/cases/north-dakota/: 403 Client Error: Forbidden for url: https://law.justia.com/cases/north-dakota/
23:39:43 | INFO | Processing regulations: https://regulations.justia.com/states/north-dakota/
23:39:43 | ERROR | Extraction failed for https://regulations.justia.com/states/north-dakota/: 403 Client Error: Forbidden for url: https://regulations.justia.com/states/north-dakota/
23:39:44 | INFO | Saved 1 records to [local_path]
23:39:44 | INFO | ============================================================
23:39:44 | INFO | CRAWLING: OHIO
23:39:44 | INFO | ============================================================
23:39:44 | INFO | Processing justia_stats: https://stats.justia.com/ohio/list/
23:39:45 | INFO | Processing justia_constitution: https://law.justia.com/constitution/ohio/
23:39:45 | ERROR | Extraction failed for https://law.justia.com/constitution/ohio/: 403 Client Error: Forbidden for url: https://law.justia.com/constitution/ohio/
23:39:45 | INFO | Processing justia_codes: https://law.justia.com/codes/ohio/
23:39:46 | ERROR | Extraction failed for https://law.justia.com/codes/ohio/: 403 Client Error: Forbidden for url: https://law.justia.com/codes/ohio/
23:39:46 | INFO | Processing justia_cases: https://law.justia.com/cases/ohio/
23:39:46 | ERROR | Extraction failed for https://law.justia.com/cases/ohio/: 403 Client Error: Forbidden for url: https://law.justia.com/cases/ohio/
23:39:47 | INFO | Processing regulations: https://regulations.justia.com/states/ohio/
23:39:47 | ERROR | Extraction failed for https://regulations.justia.com/states/ohio/: 403 Client Error: Forbidden for url: https://regulations.justia.com/states/ohio/
23:39:47 | INFO | Saved 1 records to [local_path]
23:39:47 | INFO | ============================================================
23:39:47 | INFO | CRAWLING: OKLAHOMA
23:39:47 | INFO | ============================================================
23:39:47 | INFO | Processing justia_stats: https://stats.justia.com/oklahoma/list/
23:39:48 | INFO | Processing justia_constitution: https://law.justia.com/constitution/oklahoma/
23:39:48 | ERROR | Extraction failed for https://law.justia.com/constitution/oklahoma/: 403 Client Error: Forbidden for url: https://law.justia.com/constitution/oklahoma/
23:39:49 | INFO | Processing justia_codes: https://law.justia.com/codes/oklahoma/
23:39:49 | ERROR | Extraction failed for https://law.justia.com/codes/oklahoma/: 403 Client Error: Forbidden for url: https://law.justia.com/codes/oklahoma/
23:39:49 | INFO | Processing justia_cases: https://law.justia.com/cases/oklahoma/
23:39:49 | ERROR | Extraction failed for https://law.justia.com/cases/oklahoma/: 403 Client Error: Forbidden for url: https://law.justia.com/cases/oklahoma/
23:39:50 | INFO | Processing regulations: https://regulations.justia.com/states/oklahoma/
23:39:50 | ERROR | Extraction failed for https://regulations.justia.com/states/oklahoma/: 403 Client Error: Forbidden for url: https://regulations.justia.com/states/oklahoma/
23:39:50 | INFO | Saved 1 records to [local_path]
23:39:50 | INFO | ============================================================
23:39:50 | INFO | CRAWLING: OREGON
23:39:50 | INFO | ============================================================
23:39:50 | INFO | Processing justia_stats: https://stats.justia.com/oregon/list/
23:39:51 | INFO | Processing justia_constitution: https://law.justia.com/constitution/oregon/
23:39:52 | ERROR | Extraction failed for https://law.justia.com/constitution/oregon/: 403 Client Error: Forbidden for url: https://law.justia.com/constitution/oregon/
23:39:52 | INFO | Processing justia_codes: https://law.justia.com/codes/oregon/
23:39:52 | ERROR | Extraction failed for https://law.justia.com/codes/oregon/: 403 Client Error: Forbidden for url: https://law.justia.com/codes/oregon/
23:39:53 | INFO | Processing justia_cases: https://law.justia.com/cases/oregon/
23:39:53 | ERROR | Extraction failed for https://law.justia.com/cases/oregon/: 403 Client Error: Forbidden for url: https://law.justia.com/cases/oregon/
23:39:53 | INFO | Processing regulations: https://regulations.justia.com/states/oregon/
23:39:53 | ERROR | Extraction failed for https://regulations.justia.com/states/oregon/: 403 Client Error: Forbidden for url: https://regulations.justia.com/states/oregon/
23:39:54 | INFO | Saved 1 records to [local_path]
23:39:54 | INFO | ============================================================
23:39:54 | INFO | CRAWLING: PENNSYLVANIA
23:39:54 | INFO | ============================================================
23:39:54 | INFO | Processing justia_stats: https://stats.justia.com/pennsylvania/list/
23:39:55 | INFO | Processing justia_constitution: https://law.justia.com/constitution/pennsylvania/
23:39:55 | ERROR | Extraction failed for https://law.justia.com/constitution/pennsylvania/: 403 Client Error: Forbidden for url: https://law.justia.com/constitution/pennsylvania/
23:39:56 | INFO | Processing justia_codes: https://law.justia.com/codes/pennsylvania/
23:39:56 | ERROR | Extraction failed for https://law.justia.com/codes/pennsylvania/: 403 Client Error: Forbidden for url: https://law.justia.com/codes/pennsylvania/
23:39:56 | INFO | Processing justia_cases: https://law.justia.com/cases/pennsylvania/
23:39:56 | ERROR | Extraction failed for https://law.justia.com/cases/pennsylvania/: 403 Client Error: Forbidden for url: https://law.justia.com/cases/pennsylvania/
23:39:57 | INFO | Processing regulations: https://regulations.justia.com/states/pennsylvania/
23:39:57 | ERROR | Extraction failed for https://regulations.justia.com/states/pennsylvania/: 403 Client Error: Forbidden for url: https://regulations.justia.com/states/pennsylvania/
23:39:57 | INFO | Saved 1 records to [local_path]
23:39:57 | INFO | ============================================================
23:39:57 | INFO | CRAWLING: RHODE-ISLAND
23:39:57 | INFO | ============================================================
23:39:57 | INFO | Processing justia_stats: https://stats.justia.com/rhode-island/list/
23:39:58 | INFO | Processing justia_constitution: https://law.justia.com/constitution/rhode-island/
23:39:58 | ERROR | Extraction failed for https://law.justia.com/constitution/rhode-island/: 403 Client Error: Forbidden for url: https://law.justia.com/constitution/rhode-island/
23:39:59 | INFO | Processing justia_codes: https://law.justia.com/codes/rhode-island/
23:39:59 | ERROR | Extraction failed for https://law.justia.com/codes/rhode-island/: 403 Client Error: Forbidden for url: https://law.justia.com/codes/rhode-island/
23:39:59 | INFO | Processing justia_cases: https://law.justia.com/cases/rhode-island/
23:39:59 | ERROR | Extraction failed for https://law.justia.com/cases/rhode-island/: 403 Client Error: Forbidden for url: https://law.justia.com/cases/rhode-island/
23:40:00 | INFO | Processing regulations: https://regulations.justia.com/states/rhode-island/
23:40:00 | ERROR | Extraction failed for https://regulations.justia.com/states/rhode-island/: 403 Client Error: Forbidden for url: https://regulations.justia.com/states/rhode-island/
23:40:00 | INFO | Saved 1 records to [local_path]
23:40:00 | INFO | ============================================================
23:40:00 | INFO | CRAWLING: SOUTH-CAROLINA
23:40:00 | INFO | ============================================================
23:40:00 | INFO | Processing justia_stats: https://stats.justia.com/south-carolina/list/
23:40:01 | INFO | Processing justia_constitution: https://law.justia.com/constitution/south-carolina/
23:40:01 | ERROR | Extraction failed for https://law.justia.com/constitution/south-carolina/: 403 Client Error: Forbidden for url: https://law.justia.com/constitution/south-carolina/
23:40:02 | INFO | Processing justia_codes: https://law.justia.com/codes/south-carolina/
23:40:02 | ERROR | Extraction failed for https://law.justia.com/codes/south-carolina/: 403 Client Error: Forbidden for url: https://law.justia.com/codes/south-carolina/
23:40:02 | INFO | Processing justia_cases: https://law.justia.com/cases/south-carolina/
23:40:03 | ERROR | Extraction failed for https://law.justia.com/cases/south-carolina/: 403 Client Error: Forbidden for url: https://law.justia.com/cases/south-carolina/
23:40:03 | INFO | Processing regulations: https://regulations.justia.com/states/south-carolina/
23:40:03 | ERROR | Extraction failed for https://regulations.justia.com/states/south-carolina/: 403 Client Error: Forbidden for url: https://regulations.justia.com/states/south-carolina/
23:40:04 | INFO | Saved 1 records to [local_path]
23:40:04 | INFO | ============================================================
23:40:04 | INFO | CRAWLING: SOUTH-DAKOTA
23:40:04 | INFO | ============================================================
23:40:04 | INFO | Processing justia_stats: https://stats.justia.com/south-dakota/list/
23:40:05 | INFO | Processing justia_constitution: https://law.justia.com/constitution/south-dakota/
23:40:05 | ERROR | Extraction failed for https://law.justia.com/constitution/south-dakota/: 403 Client Error: Forbidden for url: https://law.justia.com/constitution/south-dakota/
23:40:05 | INFO | Processing justia_codes: https://law.justia.com/codes/south-dakota/
23:40:05 | ERROR | Extraction failed for https://law.justia.com/codes/south-dakota/: 403 Client Error: Forbidden for url: https://law.justia.com/codes/south-dakota/
23:40:06 | INFO | Processing justia_cases: https://law.justia.com/cases/south-dakota/
23:40:06 | ERROR | Extraction failed for https://law.justia.com/cases/south-dakota/: 403 Client Error: Forbidden for url: https://law.justia.com/cases/south-dakota/
23:40:06 | INFO | Processing regulations: https://regulations.justia.com/states/south-dakota/
23:40:06 | ERROR | Extraction failed for https://regulations.justia.com/states/south-dakota/: 403 Client Error: Forbidden for url: https://regulations.justia.com/states/south-dakota/
23:40:07 | INFO | Saved 1 records to [local_path]
23:40:07 | INFO | ============================================================
23:40:07 | INFO | CRAWLING: TENNESSEE
23:40:07 | INFO | ============================================================
23:40:07 | INFO | Processing justia_stats: https://stats.justia.com/tennessee/list/
23:40:08 | INFO | Processing justia_constitution: https://law.justia.com/constitution/tennessee/
23:40:08 | ERROR | Extraction failed for https://law.justia.com/constitution/tennessee/: 403 Client Error: Forbidden for url: https://law.justia.com/constitution/tennessee/
23:40:09 | INFO | Processing justia_codes: https://law.justia.com/codes/tennessee/
23:40:09 | ERROR | Extraction failed for https://law.justia.com/codes/tennessee/: 403 Client Error: Forbidden for url: https://law.justia.com/codes/tennessee/
23:40:09 | INFO | Processing justia_cases: https://law.justia.com/cases/tennessee/
23:40:09 | ERROR | Extraction failed for https://law.justia.com/cases/tennessee/: 403 Client Error: Forbidden for url: https://law.justia.com/cases/tennessee/
23:40:10 | INFO | Processing regulations: https://regulations.justia.com/states/tennessee/
23:40:10 | ERROR | Extraction failed for https://regulations.justia.com/states/tennessee/: 403 Client Error: Forbidden for url: https://regulations.justia.com/states/tennessee/
23:40:10 | INFO | Saved 1 records to [local_path]
23:40:10 | INFO | ============================================================
23:40:10 | INFO | CRAWLING: TEXAS
23:40:10 | INFO | ============================================================
23:40:10 | INFO | Processing justia_stats: https://stats.justia.com/texas/list/
23:40:11 | INFO | Processing justia_constitution: https://law.justia.com/constitution/texas/
23:40:11 | ERROR | Extraction failed for https://law.justia.com/constitution/texas/: 403 Client Error: Forbidden for url: https://law.justia.com/constitution/texas/
23:40:12 | INFO | Processing justia_codes: https://law.justia.com/codes/texas/
23:40:12 | ERROR | Extraction failed for https://law.justia.com/codes/texas/: 403 Client Error: Forbidden for url: https://law.justia.com/codes/texas/
23:40:13 | INFO | Processing justia_cases: https://law.justia.com/cases/texas/
23:40:13 | ERROR | Extraction failed for https://law.justia.com/cases/texas/: 403 Client Error: Forbidden for url: https://law.justia.com/cases/texas/
23:40:13 | INFO | Processing regulations: https://regulations.justia.com/states/texas/
23:40:13 | ERROR | Extraction failed for https://regulations.justia.com/states/texas/: 403 Client Error: Forbidden for url: https://regulations.justia.com/states/texas/
23:40:14 | INFO | Saved 1 records to [local_path]
23:40:14 | INFO | ============================================================
23:40:14 | INFO | CRAWLING: UTAH
23:40:14 | INFO | ============================================================
23:40:14 | INFO | Processing justia_stats: https://stats.justia.com/utah/list/
23:40:14 | INFO | Processing justia_constitution: https://law.justia.com/constitution/utah/
23:40:15 | ERROR | Extraction failed for https://law.justia.com/constitution/utah/: 403 Client Error: Forbidden for url: https://law.justia.com/constitution/utah/
23:40:15 | INFO | Processing justia_codes: https://law.justia.com/codes/utah/
23:40:15 | ERROR | Extraction failed for https://law.justia.com/codes/utah/: 403 Client Error: Forbidden for url: https://law.justia.com/codes/utah/
23:40:16 | INFO | Processing justia_cases: https://law.justia.com/cases/utah/
23:40:16 | ERROR | Extraction failed for https://law.justia.com/cases/utah/: 403 Client Error: Forbidden for url: https://law.justia.com/cases/utah/
23:40:16 | INFO | Processing regulations: https://regulations.justia.com/states/utah/
23:40:16 | ERROR | Extraction failed for https://regulations.justia.com/states/utah/: 403 Client Error: Forbidden for url: https://regulations.justia.com/states/utah/
23:40:17 | INFO | Saved 1 records to [local_path]
23:40:17 | INFO | ============================================================
23:40:17 | INFO | CRAWLING: VERMONT
23:40:17 | INFO | ============================================================
23:40:17 | INFO | Processing justia_stats: https://stats.justia.com/vermont/list/
23:40:18 | INFO | Processing justia_constitution: https://law.justia.com/constitution/vermont/
23:40:18 | ERROR | Extraction failed for https://law.justia.com/constitution/vermont/: 403 Client Error: Forbidden for url: https://law.justia.com/constitution/vermont/
23:40:18 | INFO | Processing justia_codes: https://law.justia.com/codes/vermont/
23:40:18 | ERROR | Extraction failed for https://law.justia.com/codes/vermont/: 403 Client Error: Forbidden for url: https://law.justia.com/codes/vermont/
23:40:19 | INFO | Processing justia_cases: https://law.justia.com/cases/vermont/
23:40:19 | ERROR | Extraction failed for https://law.justia.com/cases/vermont/: 403 Client Error: Forbidden for url: https://law.justia.com/cases/vermont/
23:40:19 | INFO | Processing regulations: https://regulations.justia.com/states/vermont/
23:40:19 | ERROR | Extraction failed for https://regulations.justia.com/states/vermont/: 403 Client Error: Forbidden for url: https://regulations.justia.com/states/vermont/
23:40:20 | INFO | Saved 1 records to [local_path]
23:40:20 | INFO | ============================================================
23:40:20 | INFO | CRAWLING: VIRGINIA
23:40:20 | INFO | ============================================================
23:40:20 | INFO | Processing justia_stats: https://stats.justia.com/virginia/list/
23:40:21 | INFO | Processing justia_constitution: https://law.justia.com/constitution/virginia/
23:40:21 | ERROR | Extraction failed for https://law.justia.com/constitution/virginia/: 403 Client Error: Forbidden for url: https://law.justia.com/constitution/virginia/
23:40:22 | INFO | Processing justia_codes: https://law.justia.com/codes/virginia/
23:40:22 | ERROR | Extraction failed for https://law.justia.com/codes/virginia/: 403 Client Error: Forbidden for url: https://law.justia.com/codes/virginia/
23:40:22 | INFO | Processing justia_cases: https://law.justia.com/cases/virginia/
23:40:22 | ERROR | Extraction failed for https://law.justia.com/cases/virginia/: 403 Client Error: Forbidden for url: https://law.justia.com/cases/virginia/
23:40:23 | INFO | Processing regulations: https://regulations.justia.com/states/virginia/
23:40:23 | ERROR | Extraction failed for https://regulations.justia.com/states/virginia/: 403 Client Error: Forbidden for url: https://regulations.justia.com/states/virginia/
23:40:24 | INFO | Saved 1 records to [local_path]
23:40:24 | INFO | ============================================================
23:40:24 | INFO | CRAWLING: WASHINGTON
23:40:24 | INFO | ============================================================
23:40:24 | INFO | Processing justia_stats: https://stats.justia.com/washington/list/
23:40:24 | INFO | Processing justia_constitution: https://law.justia.com/constitution/washington/
23:40:25 | ERROR | Extraction failed for https://law.justia.com/constitution/washington/: 403 Client Error: Forbidden for url: https://law.justia.com/constitution/washington/
23:40:25 | INFO | Processing justia_codes: https://law.justia.com/codes/washington/
23:40:25 | ERROR | Extraction failed for https://law.justia.com/codes/washington/: 403 Client Error: Forbidden for url: https://law.justia.com/codes/washington/
23:40:26 | INFO | Processing justia_cases: https://law.justia.com/cases/washington/
23:40:26 | ERROR | Extraction failed for https://law.justia.com/cases/washington/: 403 Client Error: Forbidden for url: https://law.justia.com/cases/washington/
23:40:26 | INFO | Processing regulations: https://regulations.justia.com/states/washington/
23:40:26 | ERROR | Extraction failed for https://regulations.justia.com/states/washington/: 403 Client Error: Forbidden for url: https://regulations.justia.com/states/washington/
23:40:27 | INFO | Saved 1 records to [local_path]
23:40:27 | INFO | ============================================================
23:40:27 | INFO | CRAWLING: WEST-VIRGINIA
23:40:27 | INFO | ============================================================
23:40:27 | INFO | Processing justia_stats: https://stats.justia.com/west-virginia/list/
23:40:28 | INFO | Processing justia_constitution: https://law.justia.com/constitution/west-virginia/
23:40:28 | ERROR | Extraction failed for https://law.justia.com/constitution/west-virginia/: 403 Client Error: Forbidden for url: https://law.justia.com/constitution/west-virginia/
23:40:28 | INFO | Processing justia_codes: https://law.justia.com/codes/west-virginia/
23:40:28 | ERROR | Extraction failed for https://law.justia.com/codes/west-virginia/: 403 Client Error: Forbidden for url: https://law.justia.com/codes/west-virginia/
23:40:29 | INFO | Processing justia_cases: https://law.justia.com/cases/west-virginia/
23:40:29 | ERROR | Extraction failed for https://law.justia.com/cases/west-virginia/: 403 Client Error: Forbidden for url: https://law.justia.com/cases/west-virginia/
23:40:29 | INFO | Processing regulations: https://regulations.justia.com/states/west-virginia/
23:40:30 | ERROR | Extraction failed for https://regulations.justia.com/states/west-virginia/: 403 Client Error: Forbidden for url: https://regulations.justia.com/states/west-virginia/
23:40:30 | INFO | Saved 1 records to [local_path]
23:40:30 | INFO | ============================================================
23:40:30 | INFO | CRAWLING: WISCONSIN
23:40:30 | INFO | ============================================================
23:40:30 | INFO | Processing justia_stats: https://stats.justia.com/wisconsin/list/
23:40:31 | INFO | Processing justia_constitution: https://law.justia.com/constitution/wisconsin/
23:40:31 | ERROR | Extraction failed for https://law.justia.com/constitution/wisconsin/: 403 Client Error: Forbidden for url: https://law.justia.com/constitution/wisconsin/
23:40:32 | INFO | Processing justia_codes: https://law.justia.com/codes/wisconsin/
23:40:32 | ERROR | Extraction failed for https://law.justia.com/codes/wisconsin/: 403 Client Error: Forbidden for url: https://law.justia.com/codes/wisconsin/
23:40:32 | INFO | Processing justia_cases: https://law.justia.com/cases/wisconsin/
23:40:32 | ERROR | Extraction failed for https://law.justia.com/cases/wisconsin/: 403 Client Error: Forbidden for url: https://law.justia.com/cases/wisconsin/
23:40:33 | INFO | Processing regulations: https://regulations.justia.com/states/wisconsin/
23:40:33 | ERROR | Extraction failed for https://regulations.justia.com/states/wisconsin/: 403 Client Error: Forbidden for url: https://regulations.justia.com/states/wisconsin/
23:40:33 | INFO | Saved 1 records to [local_path]
23:40:33 | INFO | ============================================================
23:40:33 | INFO | CRAWLING: WYOMING
23:40:33 | INFO | ============================================================
23:40:33 | INFO | Processing justia_stats: https://stats.justia.com/wyoming/list/
23:40:34 | INFO | Processing justia_constitution: https://law.justia.com/constitution/wyoming/
23:40:34 | ERROR | Extraction failed for https://law.justia.com/constitution/wyoming/: 403 Client Error: Forbidden for url: https://law.justia.com/constitution/wyoming/
23:40:35 | INFO | Processing justia_codes: https://law.justia.com/codes/wyoming/
23:40:35 | ERROR | Extraction failed for https://law.justia.com/codes/wyoming/: 403 Client Error: Forbidden for url: https://law.justia.com/codes/wyoming/
23:40:35 | INFO | Processing justia_cases: https://law.justia.com/cases/wyoming/
23:40:35 | ERROR | Extraction failed for https://law.justia.com/cases/wyoming/: 403 Client Error: Forbidden for url: https://law.justia.com/cases/wyoming/
23:40:36 | INFO | Processing regulations: https://regulations.justia.com/states/wyoming/
23:40:36 | ERROR | Extraction failed for https://regulations.justia.com/states/wyoming/: 403 Client Error: Forbidden for url: https://regulations.justia.com/states/wyoming/
23:40:37 | INFO | Saved 1 records to [local_path]
23:40:37 | INFO | Saved index to [local_path]
23:40:37 | INFO | ============================================================
23:40:37 | INFO | CRAWL COMPLETE
23:40:37 | INFO | States: 50
23:40:37 | INFO | Records: 50
23:40:37 | INFO | Errors: 0
23:40:37 | INFO | ============================================================
